# JRE version: OpenJDK Runtime Environment (8.0_242-b01) (build 1.8.0_242-release-1644-b01)
# Java VM: OpenJDK 64-Bit Server VM (25.242-b01 mixed mode windows-amd64 compressed oops)
Heap:
 PSYoungGen      total 524288K, used 381732K [0x00000000d5580000, 0x00000000fce00000, 0x0000000100000000)
  eden space 466944K, 69% used [0x00000000d5580000,0x00000000e924a5d0,0x00000000f1d80000)
  from space 57344K, 99% used [0x00000000f9600000,0x00000000fcdfec78,0x00000000fce00000)
  to   space 39936K, 0% used [0x00000000f1d80000,0x00000000f1d80000,0x00000000f4480000)
 ParOldGen       total 315904K, used 216579K [0x0000000080000000, 0x0000000093480000, 0x00000000d5580000)
  object space 315904K, 68% used [0x0000000080000000,0x000000008d380ff8,0x0000000093480000)
 Metaspace       used 125699K, capacity 131304K, committed 131544K, reserved 1163264K
  class space    used 15914K, capacity 17051K, committed 17152K, reserved 1048576K
GC Heap History (10 events):
Event: 84.458 GC heap before
{Heap before GC invocations=14 (full 3):
 PSYoungGen      total 427520K, used 327657K [0x00000000d5580000, 0x00000000f2900000, 0x0000000100000000)
  eden space 397824K, 74% used [0x00000000d5580000,0x00000000e787e5b8,0x00000000eda00000)
  from space 29696K, 99% used [0x00000000f0280000,0x00000000f1f7c180,0x00000000f1f80000)
  to   space 40448K, 0% used [0x00000000eda00000,0x00000000eda00000,0x00000000f0180000)
 ParOldGen       total 203776K, used 60599K [0x0000000080000000, 0x000000008c700000, 0x00000000d5580000)
  object space 203776K, 29% used [0x0000000080000000,0x0000000083b2dda8,0x000000008c700000)
 Metaspace       used 94001K, capacity 98238K, committed 98380K, reserved 1134592K
  class space    used 12349K, capacity 13225K, committed 13312K, reserved 1048576K
Event: 84.520 GC heap after
Heap after GC invocations=14 (full 3):
 PSYoungGen      total 438272K, used 22619K [0x00000000d5580000, 0x00000000f6e00000, 0x0000000100000000)
  eden space 397824K, 0% used [0x00000000d5580000,0x00000000d5580000,0x00000000eda00000)
  from space 40448K, 55% used [0x00000000eda00000,0x00000000ef016cc8,0x00000000f0180000)
  to   space 40448K, 0% used [0x00000000f4680000,0x00000000f4680000,0x00000000f6e00000)
 ParOldGen       total 203776K, used 89264K [0x0000000080000000, 0x000000008c700000, 0x00000000d5580000)
  object space 203776K, 43% used [0x0000000080000000,0x000000008572c0f8,0x000000008c700000)
 Metaspace       used 94001K, capacity 98238K, committed 98380K, reserved 1134592K
  class space    used 12349K, capacity 13225K, committed 13312K, reserved 1048576K
}
Event: 84.520 GC heap before
{Heap before GC invocations=15 (full 4):
 PSYoungGen      total 438272K, used 22619K [0x00000000d5580000, 0x00000000f6e00000, 0x0000000100000000)
  eden space 397824K, 0% used [0x00000000d5580000,0x00000000d5580000,0x00000000eda00000)
  from space 40448K, 55% used [0x00000000eda00000,0x00000000ef016cc8,0x00000000f0180000)
  to   space 40448K, 0% used [0x00000000f4680000,0x00000000f4680000,0x00000000f6e00000)
 ParOldGen       total 203776K, used 89264K [0x0000000080000000, 0x000000008c700000, 0x00000000d5580000)
  object space 203776K, 43% used [0x0000000080000000,0x000000008572c0f8,0x000000008c700000)
 Metaspace       used 94001K, capacity 98238K, committed 98380K, reserved 1134592K
  class space    used 12349K, capacity 13225K, committed 13312K, reserved 1048576K
Event: 84.855 GC heap after
Heap after GC invocations=15 (full 4):
 PSYoungGen      total 438272K, used 0K [0x00000000d5580000, 0x00000000f6e00000, 0x0000000100000000)
  eden space 397824K, 0% used [0x00000000d5580000,0x00000000d5580000,0x00000000eda00000)
  from space 40448K, 0% used [0x00000000eda00000,0x00000000eda00000,0x00000000f0180000)
  to   space 40448K, 0% used [0x00000000f4680000,0x00000000f4680000,0x00000000f6e00000)
 ParOldGen       total 315904K, used 74955K [0x0000000080000000, 0x0000000093480000, 0x00000000d5580000)
  object space 315904K, 23% used [0x0000000080000000,0x0000000084932da0,0x0000000093480000)
 Metaspace       used 93927K, capacity 98012K, committed 98380K, reserved 1134592K
  class space    used 12325K, capacity 13184K, committed 13312K, reserved 1048576K
}
Event: 131.342 GC heap before
{Heap before GC invocations=16 (full 4):
 PSYoungGen      total 438272K, used 397824K [0x00000000d5580000, 0x00000000f6e00000, 0x0000000100000000)
  eden space 397824K, 100% used [0x00000000d5580000,0x00000000eda00000,0x00000000eda00000)
  from space 40448K, 0% used [0x00000000eda00000,0x00000000eda00000,0x00000000f0180000)
  to   space 40448K, 0% used [0x00000000f4680000,0x00000000f4680000,0x00000000f6e00000)
 ParOldGen       total 315904K, used 74955K [0x0000000080000000, 0x0000000093480000, 0x00000000d5580000)
  object space 315904K, 23% used [0x0000000080000000,0x0000000084932da0,0x0000000093480000)
 Metaspace       used 109141K, capacity 113656K, committed 114008K, reserved 1148928K
  class space    used 13984K, capacity 14909K, committed 14976K, reserved 1048576K
Event: 131.377 GC heap after
Heap after GC invocations=16 (full 4):
 PSYoungGen      total 504832K, used 22831K [0x00000000d5580000, 0x00000000f6b80000, 0x0000000100000000)
  eden space 466944K, 0% used [0x00000000d5580000,0x00000000d5580000,0x00000000f1d80000)
  from space 37888K, 60% used [0x00000000f4680000,0x00000000f5ccbce8,0x00000000f6b80000)
  to   space 39936K, 0% used [0x00000000f1d80000,0x00000000f1d80000,0x00000000f4480000)
 ParOldGen       total 315904K, used 74963K [0x0000000080000000, 0x0000000093480000, 0x00000000d5580000)
  object space 315904K, 23% used [0x0000000080000000,0x0000000084934da0,0x0000000093480000)
 Metaspace       used 109141K, capacity 113656K, committed 114008K, reserved 1148928K
  class space    used 13984K, capacity 14909K, committed 14976K, reserved 1048576K
}
Event: 272.943 GC heap before
{Heap before GC invocations=17 (full 4):
 PSYoungGen      total 504832K, used 489775K [0x00000000d5580000, 0x00000000f6b80000, 0x0000000100000000)
  eden space 466944K, 100% used [0x00000000d5580000,0x00000000f1d80000,0x00000000f1d80000)
  from space 37888K, 60% used [0x00000000f4680000,0x00000000f5ccbce8,0x00000000f6b80000)
  to   space 39936K, 0% used [0x00000000f1d80000,0x00000000f1d80000,0x00000000f4480000)
 ParOldGen       total 315904K, used 74963K [0x0000000080000000, 0x0000000093480000, 0x00000000d5580000)
  object space 315904K, 23% used [0x0000000080000000,0x0000000084934da0,0x0000000093480000)
 Metaspace       used 112802K, capacity 117494K, committed 117848K, reserved 1150976K
  class space    used 14346K, capacity 15370K, committed 15488K, reserved 1048576K
Event: 273.011 GC heap after
Heap after GC invocations=17 (full 4):
 PSYoungGen      total 506880K, used 39909K [0x00000000d5580000, 0x00000000fce00000, 0x0000000100000000)
  eden space 466944K, 0% used [0x00000000d5580000,0x00000000d5580000,0x00000000f1d80000)
  from space 39936K, 99% used [0x00000000f1d80000,0x00000000f44796d0,0x00000000f4480000)
  to   space 57344K, 0% used [0x00000000f9600000,0x00000000f9600000,0x00000000fce00000)
 ParOldGen       total 315904K, used 105876K [0x0000000080000000, 0x0000000093480000, 0x00000000d5580000)
  object space 315904K, 33% used [0x0000000080000000,0x00000000867651e8,0x0000000093480000)
 Metaspace       used 112802K, capacity 117494K, committed 117848K, reserved 1150976K
  class space    used 14346K, capacity 15370K, committed 15488K, reserved 1048576K
}
Event: 276.795 GC heap before
{Heap before GC invocations=18 (full 4):
 PSYoungGen      total 506880K, used 506853K [0x00000000d5580000, 0x00000000fce00000, 0x0000000100000000)
  eden space 466944K, 100% used [0x00000000d5580000,0x00000000f1d80000,0x00000000f1d80000)
  from space 39936K, 99% used [0x00000000f1d80000,0x00000000f44796d0,0x00000000f4480000)
  to   space 57344K, 0% used [0x00000000f9600000,0x00000000f9600000,0x00000000fce00000)
 ParOldGen       total 315904K, used 105876K [0x0000000080000000, 0x0000000093480000, 0x00000000d5580000)
  object space 315904K, 33% used [0x0000000080000000,0x00000000867651e8,0x0000000093480000)
 Metaspace       used 121387K, capacity 126604K, committed 126936K, reserved 1159168K
  class space    used 15455K, capacity 16531K, committed 16640K, reserved 1048576K
Event: 277.020 GC heap after
Heap after GC invocations=18 (full 4):
 PSYoungGen      total 524288K, used 57339K [0x00000000d5580000, 0x00000000fce00000, 0x0000000100000000)
  eden space 466944K, 0% used [0x00000000d5580000,0x00000000d5580000,0x00000000f1d80000)
  from space 57344K, 99% used [0x00000000f9600000,0x00000000fcdfec78,0x00000000fce00000)
  to   space 39936K, 0% used [0x00000000f1d80000,0x00000000f1d80000,0x00000000f4480000)
 ParOldGen       total 315904K, used 216579K [0x0000000080000000, 0x0000000093480000, 0x00000000d5580000)
  object space 315904K, 68% used [0x0000000080000000,0x000000008d380ff8,0x0000000093480000)
 Metaspace       used 121387K, capacity 126604K, committed 126936K, reserved 1159168K
  class space    used 15455K, capacity 16531K, committed 16640K, reserved 1048576K
}

