# JRE version: OpenJDK Runtime Environment (8.0_242-b01) (build 1.8.0_242-release-1644-b01)
# Java VM: OpenJDK 64-Bit Server VM (25.242-b01 mixed mode windows-amd64 compressed oops)
Heap:
 PSYoungGen      total 337408K, used 57261K [0x00000000d5580000, 0x00000000ec480000, 0x0000000100000000)
  eden space 299008K, 16% used [0x00000000d5580000,0x00000000d8593500,0x00000000e7980000)
  from space 38400K, 20% used [0x00000000e7980000,0x00000000e8158000,0x00000000e9f00000)
  to   space 25088K, 0% used [0x00000000eac00000,0x00000000eac00000,0x00000000ec480000)
 ParOldGen       total 237056K, used 73123K [0x0000000080000000, 0x000000008e780000, 0x00000000d5580000)
  object space 237056K, 30% used [0x0000000080000000,0x0000000084768df0,0x000000008e780000)
 Metaspace       used 109914K, capacity 115412K, committed 115544K, reserved 1150976K
  class space    used 13934K, capacity 14946K, committed 14976K, reserved 1048576K
GC Heap History (10 events):
Event: 64.469 GC heap before
{Heap before GC invocations=31 (full 6):
 PSYoungGen      total 324096K, used 299008K [0x00000000d5580000, 0x00000000ec480000, 0x0000000100000000)
  eden space 299008K, 100% used [0x00000000d5580000,0x00000000e7980000,0x00000000e7980000)
  from space 25088K, 0% used [0x00000000eac00000,0x00000000eac00000,0x00000000ec480000)
  to   space 38400K, 0% used [0x00000000e7980000,0x00000000e7980000,0x00000000e9f00000)
 ParOldGen       total 237056K, used 137667K [0x0000000080000000, 0x000000008e780000, 0x00000000d5580000)
  object space 237056K, 58% used [0x0000000080000000,0x0000000088670f20,0x000000008e780000)
 Metaspace       used 103802K, capacity 108844K, committed 109144K, reserved 1144832K
  class space    used 13443K, capacity 14376K, committed 14464K, reserved 1048576K
Event: 64.749 GC heap after
Heap after GC invocations=31 (full 6):
 PSYoungGen      total 337408K, used 38370K [0x00000000d5580000, 0x00000000ec480000, 0x0000000100000000)
  eden space 299008K, 0% used [0x00000000d5580000,0x00000000d5580000,0x00000000e7980000)
  from space 38400K, 99% used [0x00000000e7980000,0x00000000e9ef8980,0x00000000e9f00000)
  to   space 25088K, 0% used [0x00000000eac00000,0x00000000eac00000,0x00000000ec480000)
 ParOldGen       total 237056K, used 185109K [0x0000000080000000, 0x000000008e780000, 0x00000000d5580000)
  object space 237056K, 78% used [0x0000000080000000,0x000000008b4c5778,0x000000008e780000)
 Metaspace       used 103802K, capacity 108844K, committed 109144K, reserved 1144832K
  class space    used 13443K, capacity 14376K, committed 14464K, reserved 1048576K
}
Event: 64.749 GC heap before
{Heap before GC invocations=32 (full 7):
 PSYoungGen      total 337408K, used 38370K [0x00000000d5580000, 0x00000000ec480000, 0x0000000100000000)
  eden space 299008K, 0% used [0x00000000d5580000,0x00000000d5580000,0x00000000e7980000)
  from space 38400K, 99% used [0x00000000e7980000,0x00000000e9ef8980,0x00000000e9f00000)
  to   space 25088K, 0% used [0x00000000eac00000,0x00000000eac00000,0x00000000ec480000)
 ParOldGen       total 237056K, used 185109K [0x0000000080000000, 0x000000008e780000, 0x00000000d5580000)
  object space 237056K, 78% used [0x0000000080000000,0x000000008b4c5778,0x000000008e780000)
 Metaspace       used 103802K, capacity 108844K, committed 109144K, reserved 1144832K
  class space    used 13443K, capacity 14376K, committed 14464K, reserved 1048576K
Event: 66.562 GC heap after
Heap after GC invocations=32 (full 7):
 PSYoungGen      total 337408K, used 0K [0x00000000d5580000, 0x00000000ec480000, 0x0000000100000000)
  eden space 299008K, 0% used [0x00000000d5580000,0x00000000d5580000,0x00000000e7980000)
  from space 38400K, 0% used [0x00000000e7980000,0x00000000e7980000,0x00000000e9f00000)
  to   space 25088K, 0% used [0x00000000eac00000,0x00000000eac00000,0x00000000ec480000)
 ParOldGen       total 237056K, used 187688K [0x0000000080000000, 0x000000008e780000, 0x00000000d5580000)
  object space 237056K, 79% used [0x0000000080000000,0x000000008b74a288,0x000000008e780000)
 Metaspace       used 103802K, capacity 108844K, committed 109144K, reserved 1144832K
  class space    used 13443K, capacity 14376K, committed 14464K, reserved 1048576K
}
Event: 245.283 GC heap before
{Heap before GC invocations=33 (full 8):
 PSYoungGen      total 337408K, used 299008K [0x00000000d5580000, 0x00000000ec480000, 0x0000000100000000)
  eden space 299008K, 100% used [0x00000000d5580000,0x00000000e7980000,0x00000000e7980000)
  from space 38400K, 0% used [0x00000000e7980000,0x00000000e7980000,0x00000000e9f00000)
  to   space 25088K, 0% used [0x00000000eac00000,0x00000000eac00000,0x00000000ec480000)
 ParOldGen       total 237056K, used 187688K [0x0000000080000000, 0x000000008e780000, 0x00000000d5580000)
  object space 237056K, 79% used [0x0000000080000000,0x000000008b74a288,0x000000008e780000)
 Metaspace       used 108314K, capacity 113610K, committed 113880K, reserved 1148928K
  class space    used 13826K, capacity 14801K, committed 14848K, reserved 1048576K
Event: 245.821 GC heap after
Heap after GC invocations=33 (full 8):
 PSYoungGen      total 337408K, used 0K [0x00000000d5580000, 0x00000000ec480000, 0x0000000100000000)
  eden space 299008K, 0% used [0x00000000d5580000,0x00000000d5580000,0x00000000e7980000)
  from space 38400K, 0% used [0x00000000e7980000,0x00000000e7980000,0x00000000e9f00000)
  to   space 25088K, 0% used [0x00000000eac00000,0x00000000eac00000,0x00000000ec480000)
 ParOldGen       total 237056K, used 73107K [0x0000000080000000, 0x000000008e780000, 0x00000000d5580000)
  object space 237056K, 30% used [0x0000000080000000,0x0000000084764df0,0x000000008e780000)
 Metaspace       used 108314K, capacity 113610K, committed 113880K, reserved 1148928K
  class space    used 13826K, capacity 14801K, committed 14848K, reserved 1048576K
}
Event: 276.961 GC heap before
{Heap before GC invocations=34 (full 8):
 PSYoungGen      total 337408K, used 299008K [0x00000000d5580000, 0x00000000ec480000, 0x0000000100000000)
  eden space 299008K, 100% used [0x00000000d5580000,0x00000000e7980000,0x00000000e7980000)
  from space 38400K, 0% used [0x00000000e7980000,0x00000000e7980000,0x00000000e9f00000)
  to   space 25088K, 0% used [0x00000000eac00000,0x00000000eac00000,0x00000000ec480000)
 ParOldGen       total 237056K, used 73107K [0x0000000080000000, 0x000000008e780000, 0x00000000d5580000)
  object space 237056K, 30% used [0x0000000080000000,0x0000000084764df0,0x000000008e780000)
 Metaspace       used 109212K, capacity 114628K, committed 114776K, reserved 1148928K
  class space    used 13896K, capacity 14894K, committed 14976K, reserved 1048576K
Event: 277.023 GC heap after
Heap after GC invocations=34 (full 8):
 PSYoungGen      total 324096K, used 21371K [0x00000000d5580000, 0x00000000ec480000, 0x0000000100000000)
  eden space 299008K, 0% used [0x00000000d5580000,0x00000000d5580000,0x00000000e7980000)
  from space 25088K, 85% used [0x00000000eac00000,0x00000000ec0dee80,0x00000000ec480000)
  to   space 38400K, 0% used [0x00000000e7980000,0x00000000e7980000,0x00000000e9f00000)
 ParOldGen       total 237056K, used 73115K [0x0000000080000000, 0x000000008e780000, 0x00000000d5580000)
  object space 237056K, 30% used [0x0000000080000000,0x0000000084766df0,0x000000008e780000)
 Metaspace       used 109212K, capacity 114628K, committed 114776K, reserved 1148928K
  class space    used 13896K, capacity 14894K, committed 14976K, reserved 1048576K
}
Event: 785.327 GC heap before
{Heap before GC invocations=35 (full 8):
 PSYoungGen      total 324096K, used 320379K [0x00000000d5580000, 0x00000000ec480000, 0x0000000100000000)
  eden space 299008K, 100% used [0x00000000d5580000,0x00000000e7980000,0x00000000e7980000)
  from space 25088K, 85% used [0x00000000eac00000,0x00000000ec0dee80,0x00000000ec480000)
  to   space 38400K, 0% used [0x00000000e7980000,0x00000000e7980000,0x00000000e9f00000)
 ParOldGen       total 237056K, used 73115K [0x0000000080000000, 0x000000008e780000, 0x00000000d5580000)
  object space 237056K, 30% used [0x0000000080000000,0x0000000084766df0,0x000000008e780000)
 Metaspace       used 109578K, capacity 115068K, committed 115288K, reserved 1148928K
  class space    used 13910K, capacity 14920K, committed 14976K, reserved 1048576K
Event: 785.711 GC heap after
Heap after GC invocations=35 (full 8):
 PSYoungGen      total 337408K, used 8032K [0x00000000d5580000, 0x00000000ec480000, 0x0000000100000000)
  eden space 299008K, 0% used [0x00000000d5580000,0x00000000d5580000,0x00000000e7980000)
  from space 38400K, 20% used [0x00000000e7980000,0x00000000e8158000,0x00000000e9f00000)
  to   space 25088K, 0% used [0x00000000eac00000,0x00000000eac00000,0x00000000ec480000)
 ParOldGen       total 237056K, used 73123K [0x0000000080000000, 0x000000008e780000, 0x00000000d5580000)
  object space 237056K, 30% used [0x0000000080000000,0x0000000084768df0,0x000000008e780000)
 Metaspace       used 109578K, capacity 115068K, committed 115288K, reserved 1148928K
  class space    used 13910K, capacity 14920K, committed 14976K, reserved 1048576K
}

